Start testing: Jun 08 15:52 CST
----------------------------------------------------------
1/1 Testing: unit_tests
1/1 Test: unit_tests
Command: "/home/shf/workspace-ai/new_work_521/comm_route_new/build/test_all"
Directory: /home/shf/workspace-ai/new_work_521/comm_route_new/build
"unit_tests" start time: Jun 08 15:52 CST
Output:
----------------------------------------------------------
/home/shf/workspace-ai/new_work_521/comm_route_new/tests/test_main.c:12:test_placeholder:PASS

-----------------------
1 Tests 0 Failures 0 Ignored 
OK
<end of output>
Test time =   0.00 sec
----------------------------------------------------------
Test Passed.
"unit_tests" end time: Jun 08 15:52 CST
"unit_tests" time elapsed: 00:00:00
----------------------------------------------------------

End testing: Jun 08 15:52 CST
